<?xml version="1.0" encoding="UTF-8"?>
<!-- Generated by org.testng.reporters.JUnitReportReporter -->
<testsuite hostname="DESKTOP-V1REO8E" failures="0" tests="11" name="qwerty.card" time="121.609" errors="0" timestamp="2022-10-24T17:36:30 PKT" skipped="0">
  <testcase classname="qwerty.card" name="TC01_Verify_the_user_is_redirected_to_the_homepage_when_he_access_the_link" time="8.865"/>
  <system-out/>
  <testcase classname="qwerty.card" name="TC02_Verify_that_the_new_Coins_tab_is_clickable" time="13.852"/>
  <system-out/>
  <testcase classname="qwerty.card" name="TC03_Verify_that_the_GainersandLosers_tab_is_clickable" time="11.580"/>
  <system-out/>
  <testcase classname="qwerty.card" name="TC04_Verify_that_the_Categories_tab_is_clickable" time="12.605"/>
  <system-out/>
  <testcase classname="qwerty.card" name="TC05_Verify_that_the_NFT_tab_is_clickable" time="10.569"/>
  <system-out/>
  <testcase classname="qwerty.card" name="TC06_Verify_that_the_DeFi_tab_is_clickable" time="9.559"/>
  <system-out/>
  <testcase classname="qwerty.card" name="TC07_Verify_that_the_Gaming_tab_is_clickable" time="12.068"/>
  <system-out/>
  <testcase classname="qwerty.card" name="TC09_Verify_that_the_Solana_tab_is_clickable" time="11.198"/>
  <system-out/>
  <testcase classname="qwerty.card" name="TC10_Verify_that_the_Avalanche_tab_is_clickable" time="12.766"/>
  <system-out/>
  <testcase classname="qwerty.card" name="TC11_Verify_that_the_Darkmode_button_is_clickable" time="8.973"/>
  <system-out/>
  <testcase classname="qwerty.card" name="TC12_Verify_transition_from_Dark_to_Light_Mode" time="9.574"/>
  <system-out/>
</testsuite> <!-- qwerty.card -->
