<?xml version="1.0" encoding="UTF-8"?>
<!-- Generated by org.testng.reporters.JUnitReportReporter -->
<testsuite hostname="DESKTOP-V1REO8E" failures="0" tests="5" name="test_Cases.Validate_Btc" time="135.772" errors="0" timestamp="2022-11-02T11:24:56 PKT" skipped="0">
  <testcase classname="test_Cases.Validate_Btc" name="TC17_Verify_that_the_listed_currency_on_Homepage_BTC_is_clickable" time="33.638"/>
  <system-out/>
  <testcase classname="test_Cases.Validate_Btc" name="TC18_Verify_that_when_guest_try_adding_any_crypto_toportfoliothen_signup_popup_istriggered" time="33.385"/>
  <system-out/>
  <testcase classname="test_Cases.Validate_Btc" name="TC19_Verify_that_when_guest_try_adding_any_crypto_toportfoliothen_google_signin_is_supported" time="42.320"/>
  <system-out/>
  <testcase classname="test_Cases.Validate_Btc" name="TC20_Verify_that_when_guest_click_bell_icon_toget_priceAlert_signup_popup_istriggered" time="15.957"/>
  <system-out/>
  <testcase classname="test_Cases.Validate_Btc" name="TC21_Verify_that_the_share_btn_is_operational" time="10.472"/>
  <system-out/>
</testsuite> <!-- test_Cases.Validate_Btc -->
