<?xml version="1.0" encoding="UTF-8"?>
<!-- Generated by org.testng.reporters.JUnitReportReporter -->
<testsuite hostname="DESKTOP-V1REO8E" failures="0" tests="2" name="test_Cases.Navigation" time="14.937" errors="0" timestamp="2023-03-10T16:22:57 PKT" skipped="0">
  <testcase classname="test_Cases.Navigation" name="TC01_Verify_the_user_is_redirected_to_the_homepage_when_he_access_the_link" time="6.685"/>
  <system-out/>
  <testcase classname="test_Cases.Navigation" name="TC02_Verify_that_the_new_Coins_tab_is_clickable" time="8.252"/>
  <system-out/>
</testsuite> <!-- test_Cases.Navigation -->
