<?xml version="1.0" encoding="UTF-8"?>
<!-- Generated by org.testng.reporters.JUnitReportReporter -->
<testsuite hostname="DESKTOP-V1REO8E" failures="0" tests="1" name="validate_Crypto.Validate_Btc" time="14.219" errors="0" timestamp="2022-10-27T17:58:10 PKT" skipped="0">
  <testcase classname="validate_Crypto.Validate_Btc" name="TC21_Verify_that_the_share_btn_is_operational" time="14.219"/>
  <system-out/>
</testsuite> <!-- validate_Crypto.Validate_Btc -->
