<?xml version="1.0" encoding="UTF-8"?>
<!-- Generated by org.testng.reporters.JUnitReportReporter -->
<testsuite hostname="DESKTOP-V1REO8E" failures="0" tests="1" name="home_Page.Navigation" time="14.328" errors="0" timestamp="2022-10-28T09:53:55 PKT" skipped="0">
  <testcase classname="home_Page.Navigation" name="TC08_Verify_that_the_BNB_tab_is_clickable" time="14.328"/>
  <system-out/>
</testsuite> <!-- home_Page.Navigation -->
